<?xml version="1.0" encoding="UTF-8"?>
<!-- Generated by org.testng.reporters.JUnitReportReporter -->
<testsuite hostname="TYSS-Lavanya-Sasikumar" failures="0" tests="2" name="TestNGAnnotation.Practice" time="4.640" errors="0" timestamp="2023-12-15T22:21:21 IST" skipped="1">
  <testcase classname="TestNGAnnotation.Practice" name="Register" time="4.640"/>
  <system-out/>
  <testcase classname="TestNGAnnotation.Practice" name="login">
    <skipped/>
  </testcase> <!-- login -->
  <system-out/>
</testsuite> <!-- TestNGAnnotation.Practice -->
