<?xml version="1.0" encoding="UTF-8"?>
<!-- Generated by org.testng.reporters.JUnitReportReporter -->
<testsuite hostname="TYSS-Lavanya-Sasikumar" failures="0" tests="2" name="demo.ConfigurationAnnotations$testn" time="0.009" errors="0" timestamp="2023-12-11T12:58:57 IST" skipped="0">
  <testcase classname="demo.ConfigurationAnnotations$testn" name="sample" time="0.008"/>
  <system-out>
    <![CDATA[testng executed]]>
  </system-out>
  <testcase classname="demo.ConfigurationAnnotations$testn" name="test" time="0.001"/>
  <system-out>
    <![CDATA[test executed]]>
  </system-out>
</testsuite> <!-- demo.ConfigurationAnnotations$testn -->
