<?xml version="1.0" encoding="UTF-8"?>
<!-- Generated by org.testng.reporters.JUnitReportReporter -->
<testsuite hostname="TYSS-Lavanya-Sasikumar" failures="0" tests="2" name="Mock.rr" time="12.761" errors="0" timestamp="2023-12-16T11:48:29 IST" skipped="0">
  <testcase classname="Mock.rr" name="login" time="4.626"/>
  <system-out>
    <![CDATA[chrome]]>
  </system-out>
  <testcase classname="Mock.rr" name="login" time="8.135"/>
  <system-out>
    <![CDATA[FireFox]]>
  </system-out>
</testsuite> <!-- Mock.rr -->
