<?xml version="1.0" encoding="UTF-8"?>
<!-- Generated by org.testng.reporters.JUnitReportReporter -->
<testsuite hostname="TYSS-Lavanya-Sasikumar" failures="0" tests="1" name="demo.testn" time="0.023" errors="0" timestamp="2023-12-15T22:30:05 IST" skipped="0">
  <testcase classname="demo.testn" name="test" time="0.023"/>
  <system-out>
    <![CDATA[test executed]]>
  </system-out>
</testsuite> <!-- demo.testn -->
