<?xml version="1.0" encoding="UTF-8"?>
<!-- Generated by org.testng.reporters.JUnitReportReporter -->
<testsuite hostname="TYSS-Lavanya-Sasikumar" failures="0" tests="8" name="demo.AnnotationAttributes" time="41.675" errors="0" timestamp="2023-12-15T22:30:05 IST" skipped="1">
  <testcase classname="demo.AnnotationAttributes" name="login" time="7.370"/>
  <system-out>
    <![CDATA[user logged in successfully]]>
  </system-out>
  <testcase classname="demo.AnnotationAttributes" name="login" time="5.593"/>
  <system-out>
    <![CDATA[user logged in successfully]]>
  </system-out>
  <testcase classname="demo.AnnotationAttributes" name="login" time="4.826"/>
  <system-out>
    <![CDATA[user logged in successfully]]>
  </system-out>
  <testcase classname="demo.AnnotationAttributes" name="login" time="5.601"/>
  <system-out>
    <![CDATA[user logged in successfully]]>
  </system-out>
  <testcase classname="demo.AnnotationAttributes" name="login" time="6.486"/>
  <system-out>
    <![CDATA[user logged in successfully]]>
  </system-out>
  <testcase classname="demo.AnnotationAttributes" name="login" time="6.944"/>
  <system-out>
    <![CDATA[user logged in successfully]]>
  </system-out>
  <testcase classname="demo.AnnotationAttributes" name="login" time="4.855"/>
  <system-out>
    <![CDATA[user logged in successfully]]>
  </system-out>
  <testcase classname="demo.AnnotationAttributes" name="register">
    <skipped/>
  </testcase> <!-- register -->
  <system-out/>
</testsuite> <!-- demo.AnnotationAttributes -->
