<?xml version="1.0" encoding="UTF-8"?>
<!-- Generated by org.testng.reporters.JUnitReportReporter -->
<testsuite hostname="TYSS-Lavanya-Sasikumar" failures="0" tests="1" name="demo.HardAssert" time="6.068" errors="0" timestamp="2023-12-12T10:59:30 IST" skipped="0">
  <testcase classname="demo.HardAssert" name="login" time="6.068"/>
  <system-out>
    <![CDATA[user logged in successfully]]>
  </system-out>
</testsuite> <!-- demo.HardAssert -->
