<?xml version="1.0" encoding="UTF-8"?>
<!-- Generated by org.testng.reporters.JUnitReportReporter -->
<testsuite hostname="TYSS-Lavanya-Sasikumar" failures="0" tests="2" name="CrossBrowser.compatability" time="10.503" errors="0" timestamp="2023-12-15T23:42:19 IST" skipped="0">
  <testcase classname="CrossBrowser.compatability" name="login" time="6.612"/>
  <system-out/>
  <testcase classname="CrossBrowser.compatability" name="login1" time="3.891"/>
  <system-out/>
</testsuite> <!-- CrossBrowser.compatability -->
