<?xml version="1.0" encoding="UTF-8"?>
<!-- Generated by org.testng.reporters.JUnitReportReporter -->
<testsuite hostname="TYSS-Lavanya-Sasikumar" failures="0" tests="1" name="demo.CrossBrowserTest" time="3.812" errors="0" timestamp="2023-12-12T12:25:43 IST" skipped="0">
  <testcase classname="demo.CrossBrowserTest" name="demo" time="3.812"/>
  <system-out/>
</testsuite> <!-- demo.CrossBrowserTest -->
