<?xml version="1.0" encoding="UTF-8"?>
<!-- Generated by org.testng.reporters.JUnitReportReporter -->
<testsuite hostname="TYSS-Lavanya-Sasikumar" failures="0" tests="2" name="DataProvider.DataProvider1" time="9.034" errors="0" timestamp="2023-12-17T15:06:47 IST" skipped="0">
  <testcase classname="DataProvider.DataProvider1" name="login" time="5.594"/>
  <system-out/>
  <testcase classname="DataProvider.DataProvider1" name="login" time="3.440"/>
  <system-out/>
</testsuite> <!-- DataProvider.DataProvider1 -->
