<?xml version="1.0" encoding="UTF-8"?>
<!-- Generated by org.testng.reporters.JUnitReportReporter -->
<testsuite hostname="TYSS-Lavanya-Sasikumar" failures="0" tests="1" name="Listners.TestScript" time="4.738" errors="0" timestamp="2023-12-16T00:30:32 IST" skipped="0">
  <testcase classname="Listners.TestScript" name="Actual" time="4.738"/>
  <system-out/>
</testsuite> <!-- Listners.TestScript -->
