<?xml version="1.0" encoding="UTF-8"?>
<!-- Generated by org.testng.reporters.JUnitReportReporter -->
<testsuite hostname="TYSS-Lavanya-Sasikumar" failures="0" tests="2" name="TestNGAnnotation.TestNgAnnotation" time="4.063" errors="0" timestamp="2023-12-15T22:32:02 IST" skipped="1">
  <testcase classname="TestNGAnnotation.TestNgAnnotation" name="Register" time="4.063"/>
  <system-out/>
  <testcase classname="TestNGAnnotation.TestNgAnnotation" name="login">
    <skipped/>
  </testcase> <!-- login -->
  <system-out/>
</testsuite> <!-- TestNGAnnotation.TestNgAnnotation -->
