<?xml version="1.0" encoding="UTF-8"?>
<!-- Generated by org.testng.reporters.JUnitReportReporter -->
<testsuite hostname="TYSS-Lavanya-Sasikumar" failures="0" tests="1" name="Practice1.AnnotationAtttributes" time="3.644" errors="0" timestamp="2023-12-16T06:58:32 IST" skipped="0">
  <testcase classname="Practice1.AnnotationAtttributes" name="register" time="3.644"/>
  <system-out/>
</testsuite> <!-- Practice1.AnnotationAtttributes -->
