<?xml version="1.0" encoding="UTF-8"?>
<!-- Generated by org.testng.reporters.JUnitReportReporter -->
<testsuite hostname="TYSS-Lavanya-Sasikumar" failures="0" tests="1" name="demo.softAssert" time="6.464" errors="0" timestamp="2023-12-12T11:38:28 IST" skipped="0">
  <testcase classname="demo.softAssert" name="login" time="6.464"/>
  <system-out>
    <![CDATA[user logged in successfully]]>
  </system-out>
</testsuite> <!-- demo.softAssert -->
